1644340255453	geckodriver	INFO	Listening on 127.0.0.1:50095
1644340258333	mozrunner::runner	INFO	Running command: "C:\\Program Files (x86)\\Mozilla Firefox\\firefox.exe" "--marionette" "--remote-debugging-port" "50096" "-no-remote" "-profile" "C:\\Users\\SREEDH~1\\AppData\\Local\\Temp\\rust_mozprofileGFnJ0l"
1644340260752	Marionette	INFO	Marionette enabled
console.warn: SearchSettings: "get: No settings file exists, new profile?" (new NotFoundError("Could not open the file at C:\\Users\\Sreedharreddy\\AppData\\Local\\Temp\\rust_mozprofileGFnJ0l\\search.json.mozlz4", (void 0)))
DevTools listening on ws://localhost:50096/devtools/browser/cb959725-fdcd-4bc3-9160-e6cfb9b56271
1644340271955	Marionette	INFO	Listening on port 50101
1644340272664	RemoteAgent	WARN	TLS certificate errors will be ignored for this session
console.warn: LoginRecipes: "getRecipes: falling back to a synchronous message for:" "https://opensource-demo.orangehrmlive.com"
console.warn: LoginRecipes: "getRecipes: falling back to a synchronous message for:" "https://opensource-demo.orangehrmlive.com"
JavaScript error: resource://gre/modules/LoginManagerParent.jsm, line 136: TypeError: gRecipeManager is null
1644340285555	Marionette	WARN	TimedPromise timed out after 500 ms: stacktrace:
TimedPromise/<@chrome://remote/content/marionette/sync.js:239:19
TimedPromise@chrome://remote/content/marionette/sync.js:224:10
interaction.flushEventLoop@chrome://remote/content/marionette/interaction.js:431:10
webdriverClickElement@chrome://remote/content/marionette/interaction.js:179:31
send@https://opensource-demo.orangehrmlive.com/webres_62025265d29795.86539509/js/jquery/jquery-3.4.1.min.js:2:81476
ajax@https://opensource-demo.orangehrmlive.com/webres_62025265d29795.86539509/js/jquery/jquery-3.4.1.min.js:2:77295
k._evalUrl@https://opensource-demo.orangehrmlive.com/webres_62025265d29795.86539509/js/jquery/jquery-3.4.1.min.js:2:79350
Ie@https://opensource-demo.orangehrmlive.com/webres_62025265d29795.86539509/js/jquery/jquery-3.4.1.min.js:2:48088
append@https://opensource-demo.orangehrmlive.com/webres_62025265d29795.86539509/js/jquery/jquery-3.4.1.min.js:2:49520
html/<@https://opensource-demo.orangehrmlive.com/webres_62025265d29795.86539509/js/jquery/jquery-3.4.1.min.js:2:50612
_@https://opensource-demo.orangehrmlive.com/webres_62025265d29795.86539509/js/jquery/jquery-3.4.1.min.js:2:31840
html@https://opensource-demo.orangehrmlive.com/webres_62025265d29795.86539509/js/jquery/jquery-3.4.1.min.js:2:50290
success@https://opensource-demo.orangehrmlive.com/index.php/dashboard:1255:36
c@https://opensource-demo.orangehrmlive.com/webres_62025265d29795.86539509/js/jquery/jquery-3.4.1.min.js:2:27742
fireWith@https://opensource-demo.orangehrmlive.com/webres_62025265d29795.86539509/js/jquery/jquery-3.4.1.min.js:2:28487
l@https://opensource-demo.orangehrmlive.com/webres_62025265d29795.86539509/js/jquery/jquery-3.4.1.min.js:2:78789
send/o/<@https://opensource-demo.orangehrmlive.com/webres_62025265d29795.86539509/js/jquery/jquery-3.4.1.min.js:2:81117
JavaScript error: , line 0: NS_ERROR_NOT_AVAILABLE
1644341604016	Marionette	INFO	Stopped listening on port 50101
console.warn: TopSitesFeed: Failed to fetch data from Contile server: NetworkError when attempting to fetch resource.
[Parent 2496, IPC I/O Parent] WARNING: file /builds/worker/checkouts/gecko/ipc/chromium/src/base/process_util_win.cc:167
[Parent 2496, IPC I/O Parent] WARNING: file /builds/worker/checkouts/gecko/ipc/chromium/src/base/process_util_win.cc:167
