1644339434713	geckodriver	INFO	Listening on 127.0.0.1:49638
1644339437859	mozrunner::runner	INFO	Running command: "C:\\Program Files (x86)\\Mozilla Firefox\\firefox.exe" "--marionette" "--remote-debugging-port" "49639" "-no-remote" "-profile" "C:\\Users\\SREEDH~1\\AppData\\Local\\Temp\\rust_mozprofileSQvcSx"
1644339440260	Marionette	INFO	Marionette enabled
console.warn: SearchSettings: "get: No settings file exists, new profile?" (new NotFoundError("Could not open the file at C:\\Users\\Sreedharreddy\\AppData\\Local\\Temp\\rust_mozprofileSQvcSx\\search.json.mozlz4", (void 0)))
DevTools listening on ws://localhost:49639/devtools/browser/092b92b7-6d15-4734-a8e9-ebc162f796bc
1644339447769	Marionette	INFO	Listening on port 49644
1644339448202	RemoteAgent	WARN	TLS certificate errors will be ignored for this session
console.warn: LoginRecipes: "getRecipes: falling back to a synchronous message for:" "https://opensource-demo.orangehrmlive.com"
console.warn: LoginRecipes: "getRecipes: falling back to a synchronous message for:" "https://opensource-demo.orangehrmlive.com"
JavaScript error: , line 0: NS_ERROR_NOT_AVAILABLE
console.error: (new InvalidStateError("JSWindowActorChild.sendAsyncMessage: JSWindowActorChild cannot send at the moment", (void 0), 335))
InvalidStateError: JSWindowActorChild.sendAsyncMessage: JSWindowActorChild cannot send at the moment: _createTargetActor/<@resource://devtools/server/connectors/js-window-actor/DevToolsFrameChild.jsm:335:12
newListener@resource://devtools/shared/event-emitter.js:173:27
_emit@resource://devtools/shared/event-emitter.js:244:34
emit@resource://devtools/shared/event-emitter.js:190:18
emit@resource://devtools/shared/event-emitter.js:342:18
destroy@resource://devtools/server/actors/targets/window-global.js:733:10
module.exports/proto.destroy@resource://devtools/server/actors/targets/target-actor-mixin.js:242:30
instantiate@resource://devtools/server/connectors/js-window-actor/DevToolsFrameChild.jsm:242:26
handleEvent@resource://devtools/server/connectors/js-window-actor/DevToolsFrameChild.jsm:650:12

JavaScript error: resource://gre/modules/AsyncShutdown.jsm, line 575: NotFoundError: No such JSWindowActor 'DevToolsFrame'
1644341614687	Marionette	INFO	Stopped listening on port 49644
console.warn: TopSitesFeed: Failed to fetch data from Contile server: NetworkError when attempting to fetch resource.
